<?xml version="1.0" encoding="UTF-8" ?>
<testsuite errors="2" failures="0" hostname="SeanFine-PC" name="aero.nettracer.web.defaul.testing.TestJetBlue" tests="0" time="1805.623" timestamp="2013-03-25T19:01:02">
  <properties>
[...]
</properties>
  <testcase classname="junit.framework.TestSuite" name="aero.nettracer.web.defaul.testing.TestJetBlue" time="0.0">
    <error message="Could not start Selenium session: Failed to start new browser session: Error while launching browser" type="java.lang.RuntimeException">java.lang.RuntimeException: Could not start Selenium session: Failed to start new browser session: Error while launching browser
	at com.thoughtworks.selenium.DefaultSelenium.start(DefaultSelenium.java:89)
	at aero.nettracer.web.utility.SeleniumTestBrowserDefault.initBrowser(Unknown Source)
	at aero.nettracer.web.defaul.testing.TestJetBlue.oneTimeSetUp(Unknown Source)
Caused by: com.thoughtworks.selenium.SeleniumException: Failed to start new browser session: Error while launching browser
	at com.thoughtworks.selenium.HttpCommandProcessor.throwAssertionFailureExceptionOrError(HttpCommandProcessor.java:97)
	at com.thoughtworks.selenium.HttpCommandProcessor.doCommand(HttpCommandProcessor.java:91)
	at com.thoughtworks.selenium.HttpCommandProcessor.getString(HttpCommandProcessor.java:262)
	at com.thoughtworks.selenium.HttpCommandProcessor.start(HttpCommandProcessor.java:223)
	at com.thoughtworks.selenium.DefaultSelenium.start(DefaultSelenium.java:81)
</error>
  </testcase>
  <testcase classname="junit.framework.TestSuite" name="aero.nettracer.web.defaul.testing.TestJetBlue" time="0.0">
    <error message="ERROR Server Exception: sessionId should not be null; has this session been started yet?" type="com.thoughtworks.selenium.SeleniumException">com.thoughtworks.selenium.SeleniumException: ERROR Server Exception: sessionId should not be null; has this session been started yet?
	at com.thoughtworks.selenium.HttpCommandProcessor.throwAssertionFailureExceptionOrError(HttpCommandProcessor.java:97)
	at com.thoughtworks.selenium.HttpCommandProcessor.doCommand(HttpCommandProcessor.java:91)
	at com.thoughtworks.selenium.HttpCommandProcessor.getString(HttpCommandProcessor.java:262)
	at com.thoughtworks.selenium.DefaultSelenium.getCookieByName(DefaultSelenium.java:647)
	at aero.nettracer.web.utility.SeleniumTestBrowserDefault.stopBrowser(Unknown Source)
	at aero.nettracer.web.defaul.testing.TestJetBlue.oneTimeTearDown(Unknown Source)
</error>
  </testcase>
  <system-out><![CDATA[Port set to: 4446
15:01:02.821 INFO - Java: Sun Microsystems Inc. 20.14-b01
15:01:02.822 INFO - OS: Windows 7 6.1 amd64
15:01:02.824 INFO - v2.0 [a2], with Core v2.0 [a2]
15:01:02.928 INFO - RemoteWebDriver instances should connect to: http://127.0.0.1:4446/wd/hub
15:01:02.929 INFO - Version Jetty/5.1.x
15:01:02.930 INFO - Started HttpContext[/selenium-server/driver,/selenium-server/driver]
15:01:02.931 INFO - Started HttpContext[/selenium-server,/selenium-server]
15:01:02.931 INFO - Started HttpContext[/,/]
15:01:02.961 INFO - Started org.openqa.jetty.jetty.servlet.ServletHandler@1c5dd582
15:01:02.961 INFO - Started HttpContext[/wd,/wd]
]]></system-out>
  <system-err><![CDATA[15:01:02.963 WARN - Failed to start: SocketListener0@0.0.0.0:4446
java.net.BindException: Selenium is already running on port 4446. Or some other service is.
	at org.openqa.selenium.server.SeleniumServer.start(SeleniumServer.java:399)
	at aero.nettracer.web.utility.SeleniumTestBrowserDefault.initBrowser(Unknown Source)
	at aero.nettracer.web.defaul.testing.TestJetBlue.oneTimeSetUp(Unknown Source)
	at sun.reflect.NativeMethodAccessorImpl.invoke0(Native Method)
	at sun.reflect.NativeMethodAccessorImpl.invoke(NativeMethodAccessorImpl.java:39)
	at sun.reflect.DelegatingMethodAccessorImpl.invoke(DelegatingMethodAccessorImpl.java:25)
	at java.lang.reflect.Method.invoke(Method.java:597)
	at org.junit.runners.model.FrameworkMethod$1.runReflectiveCall(FrameworkMethod.java:45)
	at org.junit.internal.runners.model.ReflectiveCallable.run(ReflectiveCallable.java:15)
	at org.junit.runners.model.FrameworkMethod.invokeExplosively(FrameworkMethod.java:42)
	at org.junit.internal.runners.statements.RunBefores.evaluate(RunBefores.java:27)
	at org.junit.internal.runners.statements.RunAfters.evaluate(RunAfters.java:30)
	at org.junit.runners.ParentRunner.run(ParentRunner.java:300)
	at junit.framework.JUnit4TestAdapter.run(JUnit4TestAdapter.java:39)
	at org.apache.tools.ant.taskdefs.optional.junit.JUnitTestRunner.run(JUnitTestRunner.java:520)
	at org.apache.tools.ant.taskdefs.optional.junit.JUnitTestRunner.launch(JUnitTestRunner.java:1060)
	at org.apache.tools.ant.taskdefs.optional.junit.JUnitTestRunner.main(JUnitTestRunner.java:911)
]]></system-err>
</testsuite>
